#
# There is insufficient memory for the Java Runtime Environment to continue.
# Native memory allocation (mmap) failed to map 2097152 bytes for G1 virtual space
# Possible reasons:
#   The system is out of physical RAM or swap space
#   The process is running with CompressedOops enabled, and the Java Heap may be blocking the growth of the native heap
# Possible solutions:
#   Reduce memory load on the system
#   Increase physical memory or swap space
#   Check if swap backing store is full
#   Decrease Java heap size (-Xmx/-Xms)
#   Decrease number of Java threads
#   Decrease Java thread stack sizes (-Xss)
#   Set larger code cache with -XX:ReservedCodeCacheSize=
#   JVM is running with Unscaled Compressed Oops mode in which the Java heap is
#     placed in the first 4GB address space. The Java Heap base address is the
#     maximum limit for the native heap growth. Please use -XX:HeapBaseMinAddress
#     to set the Java Heap base and to place the Java Heap above 4GB virtual address.
# This output file may be truncated or incomplete.
#
#  Out of Memory Error (os_windows.cpp:3559), pid=12928, tid=14064
#
# JRE version: OpenJDK Runtime Environment Temurin-17.0.7+7 (17.0.7+7) (build 17.0.7+7)
# Java VM: OpenJDK 64-Bit Server VM Temurin-17.0.7+7 (17.0.7+7, mixed mode, emulated-client, tiered, compressed oops, compressed class ptrs, g1 gc, windows-amd64)
# No core dump will be written. Minidumps are not enabled by default on client versions of Windows
#

---------------  S U M M A R Y ------------

Command Line: -Dcom.sun.management.jmxremote -Dcom.sun.management.jmxremote.port=56181 -Dcom.sun.management.jmxremote.authenticate=false -Dcom.sun.management.jmxremote.ssl=false -Djava.rmi.server.hostname=localhost -Dspring.jmx.enabled=true -Dmanagement.endpoints.jmx.exposure.include=* -Dspring.application.admin.enabled=true -XX:TieredStopAtLevel=1 -Dspring.boot.project.name=Contact-App -Dfile.encoding=UTF-8 -XX:+ShowCodeDetailsInExceptionMessages com.smart.ContactAppApplication --spring.output.ansi.enabled=always

Host: Intel(R) Core(TM) i5-4210U CPU @ 1.70GHz, 4 cores, 3G,  Windows 10 , 64 bit Build 19041 (10.0.19041.3155)
Time: Mon Sep  4 00:27:50 2023 India Standard Time elapsed time: 28.964942 seconds (0d 0h 0m 28s)

---------------  T H R E A D  ---------------

Current thread (0x000001e24a9beab0):  VMThread "VM Thread" [stack: 0x0000002526c00000,0x0000002526d00000] [id=14064]

Stack: [0x0000002526c00000,0x0000002526d00000]
Native frames: (J=compiled Java code, j=interpreted, Vv=VM code, C=native code)
V  [jvm.dll+0x67754a]
V  [jvm.dll+0x834304]
V  [jvm.dll+0x835aae]
V  [jvm.dll+0x836113]
V  [jvm.dll+0x24696f]
V  [jvm.dll+0x6743f9]
V  [jvm.dll+0x668c8a]
V  [jvm.dll+0x3061bb]
V  [jvm.dll+0x30d6a6]
V  [jvm.dll+0x35cece]
V  [jvm.dll+0x35d0ff]
V  [jvm.dll+0x2dd048]
V  [jvm.dll+0x2e00d6]
V  [jvm.dll+0x2ea7a8]
V  [jvm.dll+0x31e8f0]
V  [jvm.dll+0x83a5bb]
V  [jvm.dll+0x83b2f4]
V  [jvm.dll+0x83b80c]
V  [jvm.dll+0x83bbe4]
V  [jvm.dll+0x83bcb0]
V  [jvm.dll+0x7e4e7a]
V  [jvm.dll+0x676395]
C  [ucrtbase.dll+0x21bb2]
C  [KERNEL32.DLL+0x17614]
C  [ntdll.dll+0x526b1]

VM_Operation (0x00000025268ff790): G1Concurrent, mode: safepoint, requested by thread 0x000001e24a93be00


---------------  P R O C E S S  ---------------

Threads class SMR info:
_java_thread_list=0x000001e25b5c8cc0, length=24, elements={
0x000001e24a8f85d0, 0x000001e2557b4270, 0x000001e2557b7a20, 0x000001e25579dd80,
0x000001e25579e740, 0x000001e25579f000, 0x000001e25579f8c0, 0x000001e2557dd410,
0x000001e255810c00, 0x000001e24a99afa0, 0x000001e255aa0bb0, 0x000001e25a309220,
0x000001e25a300d30, 0x000001e25a421030, 0x000001e25a25cad0, 0x000001e25a2f4710,
0x000001e25a2f4e90, 0x000001e25a68cee0, 0x000001e25a73d2e0, 0x000001e25a73c940,
0x000001e25a73d7b0, 0x000001e25a73dc80, 0x000001e25a73ce10, 0x000001e25a73b130
}

Java Threads: ( => current thread )
  0x000001e24a8f85d0 JavaThread "main" [_thread_blocked, id=9368, stack(0x0000002526600000,0x0000002526700000)]
  0x000001e2557b4270 JavaThread "Reference Handler" daemon [_thread_blocked, id=1068, stack(0x0000002526d00000,0x0000002526e00000)]
  0x000001e2557b7a20 JavaThread "Finalizer" daemon [_thread_blocked, id=14108, stack(0x0000002526e00000,0x0000002526f00000)]
  0x000001e25579dd80 JavaThread "Signal Dispatcher" daemon [_thread_blocked, id=13784, stack(0x0000002526f00000,0x0000002527000000)]
  0x000001e25579e740 JavaThread "Attach Listener" daemon [_thread_blocked, id=1796, stack(0x0000002527000000,0x0000002527100000)]
  0x000001e25579f000 JavaThread "Service Thread" daemon [_thread_blocked, id=2284, stack(0x0000002527100000,0x0000002527200000)]
  0x000001e25579f8c0 JavaThread "Monitor Deflation Thread" daemon [_thread_blocked, id=8588, stack(0x0000002527200000,0x0000002527300000)]
  0x000001e2557dd410 JavaThread "C1 CompilerThread0" daemon [_thread_blocked, id=11508, stack(0x0000002527300000,0x0000002527400000)]
  0x000001e255810c00 JavaThread "Sweeper thread" daemon [_thread_blocked, id=7072, stack(0x0000002527400000,0x0000002527500000)]
  0x000001e24a99afa0 JavaThread "Common-Cleaner" daemon [_thread_blocked, id=11320, stack(0x0000002527500000,0x0000002527600000)]
  0x000001e255aa0bb0 JavaThread "Notification Thread" daemon [_thread_blocked, id=5196, stack(0x0000002527700000,0x0000002527800000)]
  0x000001e25a309220 JavaThread "RMI TCP Accept-0" daemon [_thread_in_native, id=11620, stack(0x0000002527900000,0x0000002527a00000)]
  0x000001e25a300d30 JavaThread "RMI TCP Accept-56181" daemon [_thread_in_native, id=1172, stack(0x0000002527a00000,0x0000002527b00000)]
  0x000001e25a421030 JavaThread "RMI TCP Accept-0" daemon [_thread_in_native, id=1556, stack(0x0000002527b00000,0x0000002527c00000)]
  0x000001e25a25cad0 JavaThread "RMI TCP Connection(1)-127.0.0.1" daemon [_thread_in_native, id=1836, stack(0x0000002528200000,0x0000002528300000)]
  0x000001e25a2f4710 JavaThread "RMI Scheduler(0)" daemon [_thread_blocked, id=8352, stack(0x0000002528300000,0x0000002528400000)]
  0x000001e25a2f4e90 JavaThread "RMI TCP Connection(2)-127.0.0.1" daemon [_thread_in_native, id=2912, stack(0x0000002528400000,0x0000002528500000)]
  0x000001e25a68cee0 JavaThread "JMX server connection timeout 21" daemon [_thread_blocked, id=804, stack(0x0000002528500000,0x0000002528600000)]
  0x000001e25a73d2e0 JavaThread "Thread-0" [_thread_blocked, id=4832, stack(0x0000002528600000,0x0000002528700000)]
  0x000001e25a73c940 JavaThread "restartedMain" [_thread_blocked, id=7880, stack(0x0000002528700000,0x0000002528800000)]
  0x000001e25a73d7b0 JavaThread "Catalina-utility-1" [_thread_blocked, id=8060, stack(0x0000002527600000,0x0000002527700000)]
  0x000001e25a73dc80 JavaThread "Catalina-utility-2" [_thread_blocked, id=13160, stack(0x0000002528800000,0x0000002528900000)]
  0x000001e25a73ce10 JavaThread "container-0" [_thread_blocked, id=4920, stack(0x0000002528900000,0x0000002528a00000)]
  0x000001e25a73b130 JavaThread "mysql-cj-abandoned-connection-cleanup" daemon [_thread_blocked, id=6744, stack(0x0000002528a00000,0x0000002528b00000)]

Other Threads:
=>0x000001e24a9beab0 VMThread "VM Thread" [stack: 0x0000002526c00000,0x0000002526d00000] [id=14064]
  0x000001e25a2f8d70 WatcherThread [stack: 0x0000002527c00000,0x0000002527d00000] [id=13908]
  0x000001e24a9332b0 GCTaskThread "GC Thread#0" [stack: 0x0000002526700000,0x0000002526800000] [id=1940]
  0x000001e25a42bc90 GCTaskThread "GC Thread#1" [stack: 0x0000002527d00000,0x0000002527e00000] [id=4408]
  0x000001e25a4a6a10 GCTaskThread "GC Thread#2" [stack: 0x0000002527e00000,0x0000002527f00000] [id=7028]
  0x000001e25a4a6cc0 GCTaskThread "GC Thread#3" [stack: 0x0000002527f00000,0x0000002528000000] [id=12016]
  0x000001e24a93be00 ConcurrentGCThread "G1 Main Marker" [stack: 0x0000002526800000,0x0000002526900000] [id=11936]
  0x000001e24a93cec0 ConcurrentGCThread "G1 Conc#0" [stack: 0x0000002526900000,0x0000002526a00000] [id=13500]
  0x000001e24a98ba20 ConcurrentGCThread "G1 Refine#0" [stack: 0x0000002526a00000,0x0000002526b00000] [id=13644]
  0x000001e25a46a8a0 ConcurrentGCThread "G1 Refine#1" [stack: 0x0000002528000000,0x0000002528100000] [id=13696]
  0x000001e25a46ab80 ConcurrentGCThread "G1 Refine#2" [stack: 0x0000002528100000,0x0000002528200000] [id=11940]
  0x000001e24a98c350 ConcurrentGCThread "G1 Service" [stack: 0x0000002526b00000,0x0000002526c00000] [id=10280]

Threads with active compile tasks:

VM state: at safepoint (normal execution)

VM Mutex/Monitor currently owned by a thread:  ([mutex/lock_event])
[0x000001e24a8f4610] Threads_lock - owner thread: 0x000001e24a9beab0
[0x000001e24a8f3da0] Heap_lock - owner thread: 0x000001e24a93be00

Heap address: 0x00000000c1800000, size: 1000 MB, Compressed Oops mode: 32-bit

CDS archive(s) not mapped
Compressed class space mapped at: 0x0000000100000000-0x0000000140000000, reserved size: 1073741824
Narrow klass base: 0x0000000000000000, Narrow klass shift: 3, Narrow klass range: 0x140000000

GC Precious Log:
 CPUs: 4 total, 4 available
 Memory: 3999M
 Large Page Support: Disabled
 NUMA Support: Disabled
 Compressed Oops: Enabled (32-bit)
 Heap Region Size: 1M
 Heap Min Capacity: 8M
 Heap Initial Capacity: 64M
 Heap Max Capacity: 1000M
 Pre-touch: Disabled
 Parallel Workers: 4
 Concurrent Workers: 1
 Concurrent Refinement Workers: 4
 Periodic GC: Disabled

Heap:
 garbage-first heap   total 37888K, used 21201K [0x00000000c1800000, 0x0000000100000000)
  region size 1024K, 4 young (4096K), 2 survivors (2048K)
 Metaspace       used 46531K, committed 46976K, reserved 1114112K
  class space    used 6088K, committed 6272K, reserved 1048576K

Heap Regions: E=young(eden), S=young(survivor), O=old, HS=humongous(starts), HC=humongous(continues), CS=collection set, F=free, OA=open archive, CA=closed archive, TAMS=top-at-mark-start (previous, next)
|   0|0x00000000c1800000, 0x00000000c1900000, 0x00000000c1900000|100%|HS|  |TAMS 0x00000000c1900000, 0x00000000c1800000| Complete 
|   1|0x00000000c1900000, 0x00000000c1a00000, 0x00000000c1a00000|100%| O|  |TAMS 0x00000000c1a00000, 0x00000000c1900000| Untracked 
|   2|0x00000000c1a00000, 0x00000000c1b00000, 0x00000000c1b00000|100%| O|  |TAMS 0x00000000c1b00000, 0x00000000c1a00000| Untracked 
|   3|0x00000000c1b00000, 0x00000000c1c00000, 0x00000000c1c00000|100%| O|  |TAMS 0x00000000c1c00000, 0x00000000c1b00000| Untracked 
|   4|0x00000000c1c00000, 0x00000000c1d00000, 0x00000000c1d00000|100%| O|  |TAMS 0x00000000c1d00000, 0x00000000c1c00000| Untracked 
|   5|0x00000000c1d00000, 0x00000000c1e00000, 0x00000000c1e00000|100%| O|  |TAMS 0x00000000c1e00000, 0x00000000c1d00000| Untracked 
|   6|0x00000000c1e00000, 0x00000000c1f00000, 0x00000000c1f00000|100%| O|  |TAMS 0x00000000c1f00000, 0x00000000c1e00000| Updating 
|   7|0x00000000c1f00000, 0x00000000c2000000, 0x00000000c2000000|100%| O|  |TAMS 0x00000000c2000000, 0x00000000c1f00000| Untracked 
|   8|0x00000000c2000000, 0x00000000c2100000, 0x00000000c2100000|100%| O|  |TAMS 0x00000000c2100000, 0x00000000c2000000| Untracked 
|   9|0x00000000c2100000, 0x00000000c2200000, 0x00000000c2200000|100%| O|  |TAMS 0x00000000c2200000, 0x00000000c2100000| Updating 
|  10|0x00000000c2200000, 0x00000000c2300000, 0x00000000c2300000|100%| O|  |TAMS 0x00000000c2300000, 0x00000000c2200000| Updating 
|  11|0x00000000c2300000, 0x00000000c2400000, 0x00000000c2400000|100%| O|  |TAMS 0x00000000c2400000, 0x00000000c2300000| Updating 
|  12|0x00000000c2400000, 0x00000000c2500000, 0x00000000c2500000|100%| O|  |TAMS 0x00000000c2500000, 0x00000000c2400000| Updating 
|  13|0x00000000c2500000, 0x00000000c2600000, 0x00000000c2600000|100%| O|  |TAMS 0x00000000c2600000, 0x00000000c2500000| Updating 
|  14|0x00000000c2600000, 0x00000000c2700000, 0x00000000c2700000|100%| O|  |TAMS 0x00000000c2700000, 0x00000000c2600000| Untracked 
|  15|0x00000000c2700000, 0x00000000c2800000, 0x00000000c2800000|100%| O|  |TAMS 0x00000000c2800000, 0x00000000c2700000| Updating 
|  16|0x00000000c2800000, 0x00000000c2900000, 0x00000000c2900000|100%| O|  |TAMS 0x00000000c2900000, 0x00000000c2800000| Untracked 
|  17|0x00000000c2900000, 0x00000000c2a00000, 0x00000000c2a00000|100%| O|  |TAMS 0x00000000c29cfa00, 0x00000000c2900000| Untracked 
|  18|0x00000000c2a00000, 0x00000000c2a61a00, 0x00000000c2b00000| 38%| O|  |TAMS 0x00000000c2a00000, 0x00000000c2a00000| Updating 
|  19|0x00000000c2b00000, 0x00000000c2b00000, 0x00000000c2c00000|  0%| F|  |TAMS 0x00000000c2b00000, 0x00000000c2b00000| Untracked 
|  20|0x00000000c2c00000, 0x00000000c2c00000, 0x00000000c2d00000|  0%| F|  |TAMS 0x00000000c2c00000, 0x00000000c2c00000| Untracked 
|  21|0x00000000c2d00000, 0x00000000c2d00000, 0x00000000c2e00000|  0%| F|  |TAMS 0x00000000c2d00000, 0x00000000c2d00000| Untracked 
|  22|0x00000000c2e00000, 0x00000000c2e00000, 0x00000000c2f00000|  0%| F|  |TAMS 0x00000000c2e00000, 0x00000000c2e00000| Untracked 
|  23|0x00000000c2f00000, 0x00000000c2f00000, 0x00000000c3000000|  0%| F|  |TAMS 0x00000000c2f00000, 0x00000000c2f00000| Untracked 
|  24|0x00000000c3000000, 0x00000000c3000000, 0x00000000c3100000|  0%| F|  |TAMS 0x00000000c3000000, 0x00000000c3000000| Untracked 
|  25|0x00000000c3100000, 0x00000000c3152a90, 0x00000000c3200000| 32%| S|CS|TAMS 0x00000000c3100000, 0x00000000c3100000| Complete 
|  26|0x00000000c3200000, 0x00000000c3300000, 0x00000000c3300000|100%| S|CS|TAMS 0x00000000c3200000, 0x00000000c3200000| Complete 
|  27|0x00000000c3300000, 0x00000000c3300000, 0x00000000c3400000|  0%| F|  |TAMS 0x00000000c3300000, 0x00000000c3300000| Untracked 
|  28|0x00000000c3400000, 0x00000000c3400000, 0x00000000c3500000|  0%| F|  |TAMS 0x00000000c3400000, 0x00000000c3400000| Untracked 
|  29|0x00000000c3500000, 0x00000000c3500000, 0x00000000c3600000|  0%| F|  |TAMS 0x00000000c3500000, 0x00000000c3500000| Untracked 
|  30|0x00000000c3600000, 0x00000000c3600000, 0x00000000c3700000|  0%| F|  |TAMS 0x00000000c3600000, 0x00000000c3600000| Untracked 
|  31|0x00000000c3700000, 0x00000000c3700000, 0x00000000c3800000|  0%| F|  |TAMS 0x00000000c3700000, 0x00000000c3700000| Untracked 
|  32|0x00000000c3800000, 0x00000000c3800000, 0x00000000c3900000|  0%| F|  |TAMS 0x00000000c3800000, 0x00000000c3800000| Untracked 
|  53|0x00000000c4d00000, 0x00000000c4d00000, 0x00000000c4e00000|  0%| F|  |TAMS 0x00000000c4d00000, 0x00000000c4d00000| Untracked 
|  54|0x00000000c4e00000, 0x00000000c4e00000, 0x00000000c4f00000|  0%| F|  |TAMS 0x00000000c4e00000, 0x00000000c4e00000| Untracked 
|  55|0x00000000c4f00000, 0x00000000c4f8eb38, 0x00000000c5000000| 55%| E|  |TAMS 0x00000000c4f00000, 0x00000000c4f00000| Complete 
|  63|0x00000000c5700000, 0x00000000c5800000, 0x00000000c5800000|100%| E|CS|TAMS 0x00000000c5700000, 0x00000000c5700000| Complete 

Card table byte_map: [0x000001e250fb0000,0x000001e2511b0000] _byte_map_base: 0x000001e2509a4000

Marking Bits (Prev, Next): (CMBitMap*) 0x000001e24a9337d0, (CMBitMap*) 0x000001e24a933810
 Prev Bits: [0x000001e2513b0000, 0x000001e252350000)
 Next Bits: [0x000001e252350000, 0x000001e2532f0000)

Polling page: 0x000001e2488e0000

Metaspace:

Usage:
  Non-class:     39.49 MB used.
      Class:      5.95 MB used.
       Both:     45.44 MB used.

Virtual space:
  Non-class space:       64.00 MB reserved,      39.75 MB ( 62%) committed,  1 nodes.
      Class space:        1.00 GB reserved,       6.12 MB ( <1%) committed,  1 nodes.
             Both:        1.06 GB reserved,      45.88 MB (  4%) committed. 

Chunk freelists:
   Non-Class:  8.13 MB
       Class:  9.90 MB
        Both:  18.02 MB

MaxMetaspaceSize: unlimited
CompressedClassSpaceSize: 1.00 GB
Initial GC threshold: 21.00 MB
Current GC threshold: 67.12 MB
CDS: off
MetaspaceReclaimPolicy: balanced
 - commit_granule_bytes: 65536.
 - commit_granule_words: 8192.
 - virtual_space_node_default_size: 8388608.
 - enlarge_chunks_in_place: 1.
 - new_chunks_are_fully_committed: 0.
 - uncommit_free_chunks: 1.
 - use_allocation_guard: 0.
 - handle_deallocations: 1.


Internal statistics:

num_allocs_failed_limit: 6.
num_arena_births: 628.
num_arena_deaths: 106.
num_vsnodes_births: 2.
num_vsnodes_deaths: 0.
num_space_committed: 734.
num_space_uncommitted: 0.
num_chunks_returned_to_freelist: 133.
num_chunks_taken_from_freelist: 2007.
num_chunk_merges: 37.
num_chunk_splits: 1395.
num_chunks_enlarged: 1044.
num_inconsistent_stats: 0.

CodeCache: size=49152Kb used=7175Kb max_used=7524Kb free=41976Kb
 bounds [0x000001e24dfb0000, 0x000001e24e710000, 0x000001e250fb0000]
 total_blobs=4402 nmethods=3859 adapters=470
 compilation: enabled
              stopped_count=0, restarted_count=0
 full_count=0

Compilation events (20 events):
Event: 28.820 Thread 0x000001e2557dd410 3849       1       java.util.ResourceBundle::getObject (82 bytes)
Event: 28.821 Thread 0x000001e2557dd410 nmethod 3849 0x000001e24e134810 code [0x000001e24e134a40, 0x000001e24e134f78]
Event: 28.821 Thread 0x000001e2557dd410 3850       1       java.lang.StringBuffer::<init> (7 bytes)
Event: 28.821 Thread 0x000001e2557dd410 nmethod 3850 0x000001e24e134510 code [0x000001e24e1346a0, 0x000001e24e134788]
Event: 28.821 Thread 0x000001e2557dd410 3851       1       java.util.ResourceBundle::getString (9 bytes)
Event: 28.822 Thread 0x000001e2557dd410 nmethod 3851 0x000001e24e134190 code [0x000001e24e134320, 0x000001e24e134428]
Event: 28.822 Thread 0x000001e2557dd410 3853       1       com.mysql.cj.conf.AbstractPropertyDefinition::getPropertyKey (5 bytes)
Event: 28.822 Thread 0x000001e2557dd410 nmethod 3853 0x000001e24e133e90 code [0x000001e24e134020, 0x000001e24e1340f8]
Event: 28.822 Thread 0x000001e2557dd410 3852  s    1       java.lang.StringBuffer::append (15 bytes)
Event: 28.822 Thread 0x000001e2557dd410 nmethod 3852 0x000001e24e133a90 code [0x000001e24e133c20, 0x000001e24e133de8]
Event: 28.825 Thread 0x000001e2557dd410 3854       1       com.mysql.cj.conf.AbstractPropertyDefinition::getDefaultValue (5 bytes)
Event: 28.825 Thread 0x000001e2557dd410 nmethod 3854 0x000001e24e133790 code [0x000001e24e133920, 0x000001e24e1339f8]
Event: 28.825 Thread 0x000001e2557dd410 3855       1       com.mysql.cj.conf.AbstractRuntimeProperty::getPropertyDefinition (5 bytes)
Event: 28.825 Thread 0x000001e2557dd410 nmethod 3855 0x000001e24e133490 code [0x000001e24e133620, 0x000001e24e1336f8]
Event: 28.825 Thread 0x000001e2557dd410 3856       1       com.mysql.cj.conf.AbstractPropertyDefinition::getName (5 bytes)
Event: 28.825 Thread 0x000001e2557dd410 nmethod 3856 0x000001e24e133190 code [0x000001e24e133320, 0x000001e24e1333f8]
Event: 28.825 Thread 0x000001e2557dd410 3857       1       com.mysql.cj.conf.AbstractPropertyDefinition::getCcAlias (5 bytes)
Event: 28.825 Thread 0x000001e2557dd410 nmethod 3857 0x000001e24e132e90 code [0x000001e24e133020, 0x000001e24e1330f8]
Event: 28.856 Thread 0x000001e2557dd410 3858   !   1       com.mysql.cj.conf.DefaultPropertySet::getProperty (52 bytes)
Event: 28.857 Thread 0x000001e2557dd410 nmethod 3858 0x000001e24e132290 code [0x000001e24e132460, 0x000001e24e1326c8]

GC Heap History (20 events):
Event: 6.857 GC heap before
{Heap before GC invocations=8 (full 0):
 garbage-first heap   total 37888K, used 25061K [0x00000000c1800000, 0x0000000100000000)
  region size 1024K, 16 young (16384K), 2 survivors (2048K)
 Metaspace       used 30105K, committed 30400K, reserved 1114112K
  class space    used 3711K, committed 3840K, reserved 1048576K
}
Event: 6.861 GC heap after
{Heap after GC invocations=9 (full 0):
 garbage-first heap   total 37888K, used 12581K [0x00000000c1800000, 0x0000000100000000)
  region size 1024K, 1 young (1024K), 1 survivors (1024K)
 Metaspace       used 30105K, committed 30400K, reserved 1114112K
  class space    used 3711K, committed 3840K, reserved 1048576K
}
Event: 7.244 GC heap before
{Heap before GC invocations=9 (full 0):
 garbage-first heap   total 37888K, used 26917K [0x00000000c1800000, 0x0000000100000000)
  region size 1024K, 15 young (15360K), 1 survivors (1024K)
 Metaspace       used 31340K, committed 31680K, reserved 1114112K
  class space    used 3892K, committed 4032K, reserved 1048576K
}
Event: 7.248 GC heap after
{Heap after GC invocations=10 (full 0):
 garbage-first heap   total 37888K, used 13437K [0x00000000c1800000, 0x0000000100000000)
  region size 1024K, 2 young (2048K), 2 survivors (2048K)
 Metaspace       used 31340K, committed 31680K, reserved 1114112K
  class space    used 3892K, committed 4032K, reserved 1048576K
}
Event: 8.365 GC heap before
{Heap before GC invocations=10 (full 0):
 garbage-first heap   total 37888K, used 27773K [0x00000000c1800000, 0x0000000100000000)
  region size 1024K, 16 young (16384K), 2 survivors (2048K)
 Metaspace       used 33209K, committed 33536K, reserved 1114112K
  class space    used 4195K, committed 4352K, reserved 1048576K
}
Event: 8.369 GC heap after
{Heap after GC invocations=11 (full 0):
 garbage-first heap   total 37888K, used 14497K [0x00000000c1800000, 0x0000000100000000)
  region size 1024K, 2 young (2048K), 2 survivors (2048K)
 Metaspace       used 33209K, committed 33536K, reserved 1114112K
  class space    used 4195K, committed 4352K, reserved 1048576K
}
Event: 12.544 GC heap before
{Heap before GC invocations=11 (full 0):
 garbage-first heap   total 37888K, used 26785K [0x00000000c1800000, 0x0000000100000000)
  region size 1024K, 15 young (15360K), 2 survivors (2048K)
 Metaspace       used 35609K, committed 36096K, reserved 1114112K
  class space    used 4563K, committed 4800K, reserved 1048576K
}
Event: 12.563 GC heap after
{Heap after GC invocations=12 (full 0):
 garbage-first heap   total 37888K, used 15710K [0x00000000c1800000, 0x0000000100000000)
  region size 1024K, 2 young (2048K), 2 survivors (2048K)
 Metaspace       used 35609K, committed 36096K, reserved 1114112K
  class space    used 4563K, committed 4800K, reserved 1048576K
}
Event: 12.583 GC heap before
{Heap before GC invocations=12 (full 0):
 garbage-first heap   total 37888K, used 15710K [0x00000000c1800000, 0x0000000100000000)
  region size 1024K, 3 young (3072K), 2 survivors (2048K)
 Metaspace       used 35647K, committed 36096K, reserved 1114112K
  class space    used 4569K, committed 4800K, reserved 1048576K
}
Event: 12.590 GC heap after
{Heap after GC invocations=13 (full 0):
 garbage-first heap   total 37888K, used 16213K [0x00000000c1800000, 0x0000000100000000)
  region size 1024K, 1 young (1024K), 1 survivors (1024K)
 Metaspace       used 35647K, committed 36096K, reserved 1114112K
  class space    used 4569K, committed 4800K, reserved 1048576K
}
Event: 20.717 GC heap before
{Heap before GC invocations=14 (full 0):
 garbage-first heap   total 37888K, used 28501K [0x00000000c1800000, 0x0000000100000000)
  region size 1024K, 13 young (13312K), 1 survivors (1024K)
 Metaspace       used 37532K, committed 37952K, reserved 1114112K
  class space    used 4844K, committed 5056K, reserved 1048576K
}
Event: 20.727 GC heap after
{Heap after GC invocations=15 (full 0):
 garbage-first heap   total 37888K, used 17149K [0x00000000c1800000, 0x0000000100000000)
  region size 1024K, 2 young (2048K), 2 survivors (2048K)
 Metaspace       used 37532K, committed 37952K, reserved 1114112K
  class space    used 4844K, committed 5056K, reserved 1048576K
}
Event: 22.190 GC heap before
{Heap before GC invocations=15 (full 0):
 garbage-first heap   total 37888K, used 27389K [0x00000000c1800000, 0x0000000100000000)
  region size 1024K, 13 young (13312K), 2 survivors (2048K)
 Metaspace       used 38933K, committed 39424K, reserved 1114112K
  class space    used 5029K, committed 5248K, reserved 1048576K
}
Event: 22.194 GC heap after
{Heap after GC invocations=16 (full 0):
 garbage-first heap   total 37888K, used 18304K [0x00000000c1800000, 0x0000000100000000)
  region size 1024K, 2 young (2048K), 2 survivors (2048K)
 Metaspace       used 38933K, committed 39424K, reserved 1114112K
  class space    used 5029K, committed 5248K, reserved 1048576K
}
Event: 23.934 GC heap before
{Heap before GC invocations=16 (full 0):
 garbage-first heap   total 37888K, used 28544K [0x00000000c1800000, 0x0000000100000000)
  region size 1024K, 12 young (12288K), 2 survivors (2048K)
 Metaspace       used 40680K, committed 41152K, reserved 1114112K
  class space    used 5255K, committed 5440K, reserved 1048576K
}
Event: 23.940 GC heap after
{Heap after GC invocations=17 (full 0):
 garbage-first heap   total 37888K, used 18878K [0x00000000c1800000, 0x0000000100000000)
  region size 1024K, 1 young (1024K), 1 survivors (1024K)
 Metaspace       used 40680K, committed 41152K, reserved 1114112K
  class space    used 5255K, committed 5440K, reserved 1048576K
}
Event: 27.993 GC heap before
{Heap before GC invocations=18 (full 0):
 garbage-first heap   total 37888K, used 30142K [0x00000000c1800000, 0x0000000100000000)
  region size 1024K, 12 young (12288K), 1 survivors (1024K)
 Metaspace       used 43505K, committed 43968K, reserved 1114112K
  class space    used 5681K, committed 5888K, reserved 1048576K
}
Event: 27.997 GC heap after
{Heap after GC invocations=19 (full 0):
 garbage-first heap   total 37888K, used 19321K [0x00000000c1800000, 0x0000000100000000)
  region size 1024K, 2 young (2048K), 2 survivors (2048K)
 Metaspace       used 43505K, committed 43968K, reserved 1114112K
  class space    used 5681K, committed 5888K, reserved 1048576K
}
Event: 28.831 GC heap before
{Heap before GC invocations=19 (full 0):
 garbage-first heap   total 37888K, used 28537K [0x00000000c1800000, 0x0000000100000000)
  region size 1024K, 12 young (12288K), 2 survivors (2048K)
 Metaspace       used 46052K, committed 46528K, reserved 1114112K
  class space    used 6049K, committed 6272K, reserved 1048576K
}
Event: 28.836 GC heap after
{Heap after GC invocations=20 (full 0):
 garbage-first heap   total 37888K, used 20177K [0x00000000c1800000, 0x0000000100000000)
  region size 1024K, 2 young (2048K), 2 survivors (2048K)
 Metaspace       used 46052K, committed 46528K, reserved 1114112K
  class space    used 6049K, committed 6272K, reserved 1048576K
}

Dll operation events (9 events):
Event: 0.017 Loaded shared library C:\Users\Admin\Downloads\sts-4.18.1.RELEASE\plugins\org.eclipse.justj.openjdk.hotspot.jre.full.win32.x86_64_17.0.7.v20230425-1502\jre\bin\java.dll
Event: 1.538 Loaded shared library C:\Users\Admin\Downloads\sts-4.18.1.RELEASE\plugins\org.eclipse.justj.openjdk.hotspot.jre.full.win32.x86_64_17.0.7.v20230425-1502\jre\bin\jimage.dll
Event: 1.660 Loaded shared library C:\Users\Admin\Downloads\sts-4.18.1.RELEASE\plugins\org.eclipse.justj.openjdk.hotspot.jre.full.win32.x86_64_17.0.7.v20230425-1502\jre\bin\net.dll
Event: 1.663 Loaded shared library C:\Users\Admin\Downloads\sts-4.18.1.RELEASE\plugins\org.eclipse.justj.openjdk.hotspot.jre.full.win32.x86_64_17.0.7.v20230425-1502\jre\bin\nio.dll
Event: 1.674 Loaded shared library C:\Users\Admin\Downloads\sts-4.18.1.RELEASE\plugins\org.eclipse.justj.openjdk.hotspot.jre.full.win32.x86_64_17.0.7.v20230425-1502\jre\bin\zip.dll
Event: 2.296 Loaded shared library C:\Users\Admin\Downloads\sts-4.18.1.RELEASE\plugins\org.eclipse.justj.openjdk.hotspot.jre.full.win32.x86_64_17.0.7.v20230425-1502\jre\bin\management.dll
Event: 2.553 Loaded shared library C:\Users\Admin\Downloads\sts-4.18.1.RELEASE\plugins\org.eclipse.justj.openjdk.hotspot.jre.full.win32.x86_64_17.0.7.v20230425-1502\jre\bin\management_ext.dll
Event: 20.700 Loaded shared library C:\Users\Admin\Downloads\sts-4.18.1.RELEASE\plugins\org.eclipse.justj.openjdk.hotspot.jre.full.win32.x86_64_17.0.7.v20230425-1502\jre\bin\sunmscapi.dll
Event: 27.833 Loaded shared library C:\Users\Admin\Downloads\sts-4.18.1.RELEASE\plugins\org.eclipse.justj.openjdk.hotspot.jre.full.win32.x86_64_17.0.7.v20230425-1502\jre\bin\verify.dll

Deoptimization events (4 events):
Event: 5.403 Thread 0x000001e25a73c940 DEOPT PACKING pc=0x000001e24e43a419 sp=0x00000025287fcad0
Event: 5.403 Thread 0x000001e25a73c940 DEOPT UNPACKING pc=0x000001e24e007143 sp=0x00000025287fbfb0 mode 3
Event: 22.152 Thread 0x000001e25a73c940 DEOPT PACKING pc=0x000001e24e4c35fd sp=0x00000025287fbdc0
Event: 22.152 Thread 0x000001e25a73c940 DEOPT UNPACKING pc=0x000001e24e007143 sp=0x00000025287fb328 mode 3

Classes unloaded (20 events):
Event: 28.877 Thread 0x000001e24a9beab0 Unloading class 0x0000000100453c00 'java/lang/invoke/LambdaForm$MH+0x0000000100453c00'
Event: 28.877 Thread 0x000001e24a9beab0 Unloading class 0x0000000100451800 'java/lang/invoke/LambdaForm$MH+0x0000000100451800'
Event: 28.877 Thread 0x000001e24a9beab0 Unloading class 0x0000000100451400 'java/lang/invoke/LambdaForm$MH+0x0000000100451400'
Event: 28.877 Thread 0x000001e24a9beab0 Unloading class 0x000000010044f000 'java/lang/invoke/LambdaForm$DMH+0x000000010044f000'
Event: 28.877 Thread 0x000001e24a9beab0 Unloading class 0x000000010044e800 'java/lang/invoke/LambdaForm$DMH+0x000000010044e800'
Event: 28.877 Thread 0x000001e24a9beab0 Unloading class 0x000000010044e000 'java/lang/invoke/LambdaForm$DMH+0x000000010044e000'
Event: 28.877 Thread 0x000001e24a9beab0 Unloading class 0x000000010044cc00 'java/lang/invoke/LambdaForm$MH+0x000000010044cc00'
Event: 28.877 Thread 0x000001e24a9beab0 Unloading class 0x000000010044b800 'java/lang/invoke/LambdaForm$MH+0x000000010044b800'
Event: 28.877 Thread 0x000001e24a9beab0 Unloading class 0x000000010044b400 'java/lang/invoke/LambdaForm$MH+0x000000010044b400'
Event: 28.877 Thread 0x000001e24a9beab0 Unloading class 0x000000010044b000 'java/lang/invoke/LambdaForm$MH+0x000000010044b000'
Event: 28.877 Thread 0x000001e24a9beab0 Unloading class 0x000000010044ac00 'java/lang/invoke/LambdaForm$MH+0x000000010044ac00'
Event: 28.877 Thread 0x000001e24a9beab0 Unloading class 0x0000000100448000 'java/lang/invoke/LambdaForm$DMH+0x0000000100448000'
Event: 28.877 Thread 0x000001e24a9beab0 Unloading class 0x00000001003d2400 'jdk/internal/reflect/GeneratedConstructorAccessor12'
Event: 28.877 Thread 0x000001e24a9beab0 Unloading class 0x00000001003d2000 'jdk/internal/reflect/GeneratedConstructorAccessor11'
Event: 28.877 Thread 0x000001e24a9beab0 Unloading class 0x00000001003d1c00 'jdk/internal/reflect/GeneratedConstructorAccessor10'
Event: 28.877 Thread 0x000001e24a9beab0 Unloading class 0x00000001003d1800 'jdk/internal/reflect/GeneratedConstructorAccessor9'
Event: 28.877 Thread 0x000001e24a9beab0 Unloading class 0x00000001003c0400 'java/lang/invoke/LambdaForm$DMH+0x00000001003c0400'
Event: 28.877 Thread 0x000001e24a9beab0 Unloading class 0x00000001003a4000 'jdk/internal/reflect/GeneratedConstructorAccessor8'
Event: 28.877 Thread 0x000001e24a9beab0 Unloading class 0x000000010015e000 'java/lang/invoke/LambdaForm$MH+0x000000010015e000'
Event: 28.877 Thread 0x000001e24a9beab0 Unloading class 0x0000000100142800 'java/lang/invoke/LambdaForm$MH+0x0000000100142800'

Classes redefined (0 events):
No events

Internal exceptions (20 events):
Event: 10.371 Thread 0x000001e25a2f4e90 Exception <a 'java/lang/reflect/InvocationTargetException'{0x00000000c326abc0}> (0x00000000c326abc0) 
thrown [s\src\hotspot\share\runtime\reflection.cpp, line 1121]
Event: 10.877 Thread 0x000001e25a2f4e90 Exception <a 'java/lang/reflect/InvocationTargetException'{0x00000000c3135ae8}> (0x00000000c3135ae8) 
thrown [s\src\hotspot\share\runtime\reflection.cpp, line 1121]
Event: 11.434 Thread 0x000001e25a2f4e90 Exception <a 'java/lang/reflect/InvocationTargetException'{0x00000000c313e338}> (0x00000000c313e338) 
thrown [s\src\hotspot\share\runtime\reflection.cpp, line 1121]
Event: 12.670 Thread 0x000001e25a73c940 Exception <a 'java/lang/NoSuchMethodError'{0x00000000c4d45f58}: 'void java.lang.invoke.DirectMethodHandle$Holder.invokeInterface(java.lang.Object, java.lang.Object, int)'> (0x00000000c4d45f58) 
thrown [s\src\hotspot\share\interpreter\linkResolver.cpp, line 759]
Event: 12.676 Thread 0x000001e25a73c940 Exception <a 'java/lang/IncompatibleClassChangeError'{0x00000000c4d95e28}: Found class java.lang.Object, but interface was expected> (0x00000000c4d95e28) 
thrown [s\src\hotspot\share\interpreter\linkResolver.cpp, line 826]
Event: 12.677 Thread 0x000001e25a73c940 Exception <a 'java/lang/NoSuchMethodError'{0x00000000c4dae8a8}: 'void java.lang.invoke.DirectMethodHandle$Holder.invokeStatic(java.lang.Object, int, java.lang.Object)'> (0x00000000c4dae8a8) 
thrown [s\src\hotspot\share\interpreter\linkResolver.cpp, line 759]
Event: 12.721 Thread 0x000001e25a73c940 Exception <a 'java/lang/NoSuchMethodError'{0x00000000c4deb078}: 'void java.lang.invoke.DirectMethodHandle$Holder.invokeVirtual(java.lang.Object, java.lang.Object, int)'> (0x00000000c4deb078) 
thrown [s\src\hotspot\share\interpreter\linkResolver.cpp, line 759]
Event: 12.722 Thread 0x000001e25a73c940 Exception <a 'java/lang/NoSuchMethodError'{0x00000000c4df12c0}: 'void java.lang.invoke.DirectMethodHandle$Holder.invokeStatic(java.lang.Object, java.lang.Object, java.lang.Object, int, java.lang.Object)'> (0x00000000c4df12c0) 
thrown [s\src\hotspot\share\interpreter\linkResolver.cpp, line 759]
Event: 12.722 Thread 0x000001e25a73c940 Exception <a 'java/lang/NoSuchMethodError'{0x00000000c4df87c8}: 'java.lang.Object java.lang.invoke.DirectMethodHandle$Holder.newInvokeSpecial(java.lang.Object, java.lang.Object, java.lang.Object, int)'> (0x00000000c4df87c8) 
thrown [s\src\hotspot\share\interpreter\linkResolver.cpp, line 759]
Event: 12.723 Thread 0x000001e25a73c940 Exception <a 'java/lang/NoSuchMethodError'{0x00000000c4dfcab0}: 'java.lang.Object java.lang.invoke.DirectMethodHandle$Holder.invokeSpecial(java.lang.Object, java.lang.Object, java.lang.Object, java.lang.Object, int)'> (0x00000000c4dfcab0) 
thrown [s\src\hotspot\share\interpreter\linkResolver.cpp, line 759]
Event: 12.723 Thread 0x000001e25a73c940 Exception <a 'java/lang/NoSuchMethodError'{0x00000000c3800898}: 'java.lang.Object java.lang.invoke.Invokers$Holder.linkToTargetMethod(java.lang.Object, java.lang.Object, int, java.lang.Object)'> (0x00000000c3800898) 
thrown [s\src\hotspot\share\interpreter\linkResolver.cpp, line 759]
Event: 21.079 Thread 0x000001e25a73c940 Exception <a 'sun/nio/fs/WindowsException'{0x00000000c4df1318}> (0x00000000c4df1318) 
thrown [s\src\hotspot\share\prims\jni.cpp, line 516]
Event: 21.081 Thread 0x000001e25a73c940 Exception <a 'sun/nio/fs/WindowsException'{0x00000000c4df6d10}> (0x00000000c4df6d10) 
thrown [s\src\hotspot\share\prims\jni.cpp, line 516]
Event: 21.081 Thread 0x000001e25a73c940 Exception <a 'sun/nio/fs/WindowsException'{0x00000000c4df73e8}> (0x00000000c4df73e8) 
thrown [s\src\hotspot\share\prims\jni.cpp, line 516]
Event: 21.410 Thread 0x000001e25a73c940 Exception <a 'java/lang/NoSuchMethodError'{0x00000000c3706e60}: 'java.lang.Object java.lang.invoke.DirectMethodHandle$Holder.invokeSpecial(java.lang.Object, java.lang.Object, long, java.lang.Object, java.lang.Object, java.lang.Object, java.lang.Object, java.lang.Object, java.lang.Object)'> (0x00000000c3706e60) 
thrown [s\src\hotspot\share\interpreter\linkResolver.cpp, line 759]
Event: 21.411 Thread 0x000001e25a73c940 Exception <a 'java/lang/NoSuchMethodError'{0x00000000c370b988}: 'java.lang.Object java.lang.invoke.DelegatingMethodHandle$Holder.reinvoke_L(java.lang.Object, long, java.lang.Object, java.lang.Object, java.lang.Object, java.lang.Object, java.lang.Object, java.lang.Object)'> (0x00000000c370b988) 
thrown [s\src\hotspot\share\interpreter\linkResolver.cpp, line 759]
Event: 21.899 Thread 0x000001e25a73c940 Exception <a 'java/io/FileNotFoundException'{0x00000000c3525810}> (0x00000000c3525810) 
thrown [s\src\hotspot\share\prims\jni.cpp, line 516]
Event: 22.008 Thread 0x000001e25a73c940 Exception <a 'java/lang/NoSuchMethodError'{0x00000000c347f038}: 'int java.lang.invoke.DirectMethodHandle$Holder.invokeInterface(java.lang.Object, java.lang.Object, java.lang.Object, java.lang.Object)'> (0x00000000c347f038) 
thrown [s\src\hotspot\share\interpreter\linkResolver.cpp, line 759]
Event: 22.159 Thread 0x000001e25a73c940 Exception <a 'java/lang/NoSuchMethodError'{0x00000000c3289f38}: 'long java.lang.invoke.DirectMethodHandle$Holder.invokeVirtual(java.lang.Object, java.lang.Object)'> (0x00000000c3289f38) 
thrown [s\src\hotspot\share\interpreter\linkResolver.cpp, line 759]
Event: 22.164 Thread 0x000001e25a73c940 Exception <a 'java/io/FileNotFoundException'{0x00000000c32bdcd0}> (0x00000000c32bdcd0) 
thrown [s\src\hotspot\share\prims\jni.cpp, line 516]

VM Operations (20 events):
Event: 22.057 Executing VM operation: HandshakeAllThreads done
Event: 22.188 Executing VM operation: HandshakeAllThreads
Event: 22.188 Executing VM operation: HandshakeAllThreads done
Event: 22.190 Executing VM operation: G1CollectForAllocation
Event: 22.194 Executing VM operation: G1CollectForAllocation done
Event: 22.276 Executing VM operation: HandshakeAllThreads
Event: 22.276 Executing VM operation: HandshakeAllThreads done
Event: 23.290 Executing VM operation: Cleanup
Event: 23.290 Executing VM operation: Cleanup done
Event: 23.934 Executing VM operation: G1CollectForAllocation
Event: 23.941 Executing VM operation: G1CollectForAllocation done
Event: 23.988 Executing VM operation: G1Concurrent
Event: 23.994 Executing VM operation: G1Concurrent done
Event: 24.018 Executing VM operation: G1Concurrent
Event: 24.018 Executing VM operation: G1Concurrent done
Event: 27.993 Executing VM operation: G1CollectForAllocation
Event: 27.997 Executing VM operation: G1CollectForAllocation done
Event: 28.831 Executing VM operation: G1CollectForAllocation
Event: 28.836 Executing VM operation: G1CollectForAllocation done
Event: 28.876 Executing VM operation: G1Concurrent

Events (20 events):
Event: 28.864 loading class java/net/SocksConsts done
Event: 28.864 loading class java/net/DelegatingSocketImpl
Event: 28.864 loading class java/net/DelegatingSocketImpl done
Event: 28.864 loading class java/net/SocksSocketImpl done
Event: 28.864 loading class java/net/SocksSocketImpl$3
Event: 28.864 loading class java/net/SocksSocketImpl$3 done
Event: 28.864 loading class java/net/ProxySelector
Event: 28.864 loading class java/net/ProxySelector done
Event: 28.864 loading class sun/net/spi/DefaultProxySelector
Event: 28.865 loading class sun/net/spi/DefaultProxySelector done
Event: 28.865 loading class java/net/Proxy
Event: 28.865 loading class java/net/Proxy done
Event: 28.865 loading class java/net/Proxy$Type
Event: 28.865 loading class java/net/Proxy$Type done
Event: 28.865 loading class sun/net/spi/DefaultProxySelector$1
Event: 28.865 loading class sun/net/spi/DefaultProxySelector$1 done
Event: 28.865 loading class sun/net/spi/DefaultProxySelector$NonProxyInfo
Event: 28.865 loading class sun/net/spi/DefaultProxySelector$NonProxyInfo done
Event: 28.865 loading class sun/net/spi/DefaultProxySelector$3
Event: 28.865 loading class sun/net/spi/DefaultProxySelector$3 done


Dynamic libraries:
0x00007ff6ff110000 - 0x00007ff6ff11e000 	C:\Users\Admin\Downloads\sts-4.18.1.RELEASE\plugins\org.eclipse.justj.openjdk.hotspot.jre.full.win32.x86_64_17.0.7.v20230425-1502\jre\bin\javaw.exe
0x00007ffeff550000 - 0x00007ffeff748000 	C:\WINDOWS\SYSTEM32\ntdll.dll
0x00007ffeff250000 - 0x00007ffeff30f000 	C:\WINDOWS\System32\KERNEL32.DLL
0x00007ffefce20000 - 0x00007ffefd116000 	C:\WINDOWS\System32\KERNELBASE.dll
0x00007ffefcc30000 - 0x00007ffefcd30000 	C:\WINDOWS\System32\ucrtbase.dll
0x00007ffef3570000 - 0x00007ffef3587000 	C:\Users\Admin\Downloads\sts-4.18.1.RELEASE\plugins\org.eclipse.justj.openjdk.hotspot.jre.full.win32.x86_64_17.0.7.v20230425-1502\jre\bin\jli.dll
0x00007ffefd9c0000 - 0x00007ffefdb5d000 	C:\WINDOWS\System32\USER32.dll
0x00007ffefd270000 - 0x00007ffefd292000 	C:\WINDOWS\System32\win32u.dll
0x00007ffefdec0000 - 0x00007ffefdeec000 	C:\WINDOWS\System32\GDI32.dll
0x00007ffefd2a0000 - 0x00007ffefd3b5000 	C:\WINDOWS\System32\gdi32full.dll
0x00007ffefcd80000 - 0x00007ffefce1d000 	C:\WINDOWS\System32\msvcp_win.dll
0x00007ffef7510000 - 0x00007ffef7529000 	C:\Users\Admin\Downloads\sts-4.18.1.RELEASE\plugins\org.eclipse.justj.openjdk.hotspot.jre.full.win32.x86_64_17.0.7.v20230425-1502\jre\bin\VCRUNTIME140.dll
0x00007ffef3f80000 - 0x00007ffef421a000 	C:\WINDOWS\WinSxS\amd64_microsoft.windows.common-controls_6595b64144ccf1df_6.0.19041.1110_none_60b5254171f9507e\COMCTL32.dll
0x00007ffeff470000 - 0x00007ffeff50e000 	C:\WINDOWS\System32\msvcrt.dll
0x00007ffeff040000 - 0x00007ffeff070000 	C:\WINDOWS\System32\IMM32.DLL
0x00007ffeecbd0000 - 0x00007ffeecbdc000 	C:\Users\Admin\Downloads\sts-4.18.1.RELEASE\plugins\org.eclipse.justj.openjdk.hotspot.jre.full.win32.x86_64_17.0.7.v20230425-1502\jre\bin\vcruntime140_1.dll
0x00007ffee4b30000 - 0x00007ffee4bc1000 	C:\Users\Admin\Downloads\sts-4.18.1.RELEASE\plugins\org.eclipse.justj.openjdk.hotspot.jre.full.win32.x86_64_17.0.7.v20230425-1502\jre\bin\msvcp140.dll
0x00007ffeaca50000 - 0x00007ffead698000 	C:\Users\Admin\Downloads\sts-4.18.1.RELEASE\plugins\org.eclipse.justj.openjdk.hotspot.jre.full.win32.x86_64_17.0.7.v20230425-1502\jre\bin\server\jvm.dll
0x00007ffeff0d0000 - 0x00007ffeff17f000 	C:\WINDOWS\System32\ADVAPI32.dll
0x00007ffefef10000 - 0x00007ffefefac000 	C:\WINDOWS\System32\sechost.dll
0x00007ffefd890000 - 0x00007ffefd9b6000 	C:\WINDOWS\System32\RPCRT4.dll
0x00007ffef6ae0000 - 0x00007ffef6ae9000 	C:\WINDOWS\SYSTEM32\WSOCK32.dll
0x00007ffeff1e0000 - 0x00007ffeff24b000 	C:\WINDOWS\System32\WS2_32.dll
0x00007ffef5f20000 - 0x00007ffef5f47000 	C:\WINDOWS\SYSTEM32\WINMM.dll
0x00007ffef5f50000 - 0x00007ffef5f5a000 	C:\WINDOWS\SYSTEM32\VERSION.dll
0x00007ffefaad0000 - 0x00007ffefaae2000 	C:\WINDOWS\SYSTEM32\kernel.appcore.dll
0x00007ffef6ad0000 - 0x00007ffef6ada000 	C:\Users\Admin\Downloads\sts-4.18.1.RELEASE\plugins\org.eclipse.justj.openjdk.hotspot.jre.full.win32.x86_64_17.0.7.v20230425-1502\jre\bin\jimage.dll
0x00007ffeea660000 - 0x00007ffeea844000 	C:\WINDOWS\SYSTEM32\DBGHELP.DLL
0x00007ffeea500000 - 0x00007ffeea534000 	C:\WINDOWS\SYSTEM32\dbgcore.DLL
0x00007ffefd520000 - 0x00007ffefd5a2000 	C:\WINDOWS\System32\bcryptPrimitives.dll
0x00007ffef3730000 - 0x00007ffef3755000 	C:\Users\Admin\Downloads\sts-4.18.1.RELEASE\plugins\org.eclipse.justj.openjdk.hotspot.jre.full.win32.x86_64_17.0.7.v20230425-1502\jre\bin\java.dll
0x00007ffef3660000 - 0x00007ffef3678000 	C:\Users\Admin\Downloads\sts-4.18.1.RELEASE\plugins\org.eclipse.justj.openjdk.hotspot.jre.full.win32.x86_64_17.0.7.v20230425-1502\jre\bin\zip.dll
0x00007ffefdef0000 - 0x00007ffefe634000 	C:\WINDOWS\System32\SHELL32.dll
0x00007ffefacd0000 - 0x00007ffefb463000 	C:\WINDOWS\SYSTEM32\windows.storage.dll
0x00007ffefdb60000 - 0x00007ffefdeb4000 	C:\WINDOWS\System32\combase.dll
0x00007ffefc5a0000 - 0x00007ffefc5ce000 	C:\WINDOWS\SYSTEM32\Wldp.dll
0x00007ffefd5b0000 - 0x00007ffefd65d000 	C:\WINDOWS\System32\SHCORE.dll
0x00007ffeff180000 - 0x00007ffeff1d5000 	C:\WINDOWS\System32\shlwapi.dll
0x00007ffefcb60000 - 0x00007ffefcb85000 	C:\WINDOWS\SYSTEM32\profapi.dll
0x00007ffeef320000 - 0x00007ffeef339000 	C:\Users\Admin\Downloads\sts-4.18.1.RELEASE\plugins\org.eclipse.justj.openjdk.hotspot.jre.full.win32.x86_64_17.0.7.v20230425-1502\jre\bin\net.dll
0x00007ffef4630000 - 0x00007ffef473a000 	C:\WINDOWS\SYSTEM32\WINHTTP.dll
0x00007ffefc300000 - 0x00007ffefc36a000 	C:\WINDOWS\system32\mswsock.dll
0x00007ffeeca10000 - 0x00007ffeeca25000 	C:\Users\Admin\Downloads\sts-4.18.1.RELEASE\plugins\org.eclipse.justj.openjdk.hotspot.jre.full.win32.x86_64_17.0.7.v20230425-1502\jre\bin\nio.dll
0x00007ffef2f40000 - 0x00007ffef2f49000 	C:\Users\Admin\Downloads\sts-4.18.1.RELEASE\plugins\org.eclipse.justj.openjdk.hotspot.jre.full.win32.x86_64_17.0.7.v20230425-1502\jre\bin\management.dll
0x00007ffeee020000 - 0x00007ffeee02b000 	C:\Users\Admin\Downloads\sts-4.18.1.RELEASE\plugins\org.eclipse.justj.openjdk.hotspot.jre.full.win32.x86_64_17.0.7.v20230425-1502\jre\bin\management_ext.dll
0x00007ffefd780000 - 0x00007ffefd788000 	C:\WINDOWS\System32\PSAPI.DLL
0x00007ffee9f60000 - 0x00007ffee9f77000 	C:\WINDOWS\system32\napinsp.dll
0x00007ffee9f40000 - 0x00007ffee9f5b000 	C:\WINDOWS\system32\pnrpnsp.dll
0x00007ffeec1d0000 - 0x00007ffeec1e5000 	C:\WINDOWS\system32\wshbth.dll
0x00007ffef8490000 - 0x00007ffef84ad000 	C:\WINDOWS\system32\NLAapi.dll
0x00007ffefbff0000 - 0x00007ffefc02b000 	C:\WINDOWS\SYSTEM32\IPHLPAPI.DLL
0x00007ffefc030000 - 0x00007ffefc0fa000 	C:\WINDOWS\SYSTEM32\DNSAPI.dll
0x00007ffeff390000 - 0x00007ffeff398000 	C:\WINDOWS\System32\NSI.dll
0x00007ffee9f20000 - 0x00007ffee9f32000 	C:\WINDOWS\System32\winrnr.dll
0x00007ffeed560000 - 0x00007ffeed56a000 	C:\Windows\System32\rasadhlp.dll
0x00007ffeed680000 - 0x00007ffeed702000 	C:\WINDOWS\System32\fwpuclnt.dll
0x00007ffefd190000 - 0x00007ffefd1b7000 	C:\WINDOWS\System32\bcrypt.dll
0x00007ffefc4f0000 - 0x00007ffefc508000 	C:\WINDOWS\SYSTEM32\CRYPTSP.dll
0x00007ffefbc10000 - 0x00007ffefbc44000 	C:\WINDOWS\system32\rsaenh.dll
0x00007ffefcae0000 - 0x00007ffefcb0e000 	C:\WINDOWS\SYSTEM32\USERENV.dll
0x00007ffefc510000 - 0x00007ffefc51c000 	C:\WINDOWS\SYSTEM32\CRYPTBASE.dll
0x00007ffef12c0000 - 0x00007ffef12d7000 	C:\WINDOWS\SYSTEM32\dhcpcsvc6.DLL
0x00007ffef1910000 - 0x00007ffef192d000 	C:\WINDOWS\SYSTEM32\dhcpcsvc.DLL
0x00007ffeed090000 - 0x00007ffeed09e000 	C:\Users\Admin\Downloads\sts-4.18.1.RELEASE\plugins\org.eclipse.justj.openjdk.hotspot.jre.full.win32.x86_64_17.0.7.v20230425-1502\jre\bin\sunmscapi.dll
0x00007ffefd3c0000 - 0x00007ffefd51e000 	C:\WINDOWS\System32\CRYPT32.dll
0x00007ffefc610000 - 0x00007ffefc638000 	C:\WINDOWS\SYSTEM32\ncrypt.dll
0x00007ffefc5d0000 - 0x00007ffefc60b000 	C:\WINDOWS\SYSTEM32\NTASN1.dll
0x00007ffef3650000 - 0x00007ffef3660000 	C:\Users\Admin\Downloads\sts-4.18.1.RELEASE\plugins\org.eclipse.justj.openjdk.hotspot.jre.full.win32.x86_64_17.0.7.v20230425-1502\jre\bin\verify.dll

dbghelp: loaded successfully - version: 4.0.5 - missing functions: none
symbol engine: initialized successfully - sym options: 0x614 - pdb path: .;C:\Users\Admin\Downloads\sts-4.18.1.RELEASE\plugins\org.eclipse.justj.openjdk.hotspot.jre.full.win32.x86_64_17.0.7.v20230425-1502\jre\bin;C:\WINDOWS\SYSTEM32;C:\WINDOWS\WinSxS\amd64_microsoft.windows.common-controls_6595b64144ccf1df_6.0.19041.1110_none_60b5254171f9507e;C:\Users\Admin\Downloads\sts-4.18.1.RELEASE\plugins\org.eclipse.justj.openjdk.hotspot.jre.full.win32.x86_64_17.0.7.v20230425-1502\jre\bin\server

VM Arguments:
jvm_args: -Dcom.sun.management.jmxremote -Dcom.sun.management.jmxremote.port=56181 -Dcom.sun.management.jmxremote.authenticate=false -Dcom.sun.management.jmxremote.ssl=false -Djava.rmi.server.hostname=localhost -Dspring.jmx.enabled=true -Dmanagement.endpoints.jmx.exposure.include=* -Dspring.application.admin.enabled=true -XX:TieredStopAtLevel=1 -Dspring.boot.project.name=Contact-App -Dfile.encoding=UTF-8 -XX:+ShowCodeDetailsInExceptionMessages 
java_command: com.smart.ContactAppApplication --spring.output.ansi.enabled=always
java_class_path (initial): C:\Users\Admin\Desktop\SmartContacctManager\Contact-App\target\classes;C:\Users\Admin\.m2\repository\org\springframework\boot\spring-boot-starter-data-jpa\3.1.3\spring-boot-starter-data-jpa-3.1.3.jar;C:\Users\Admin\.m2\repository\org\springframework\boot\spring-boot-starter-aop\3.1.3\spring-boot-starter-aop-3.1.3.jar;C:\Users\Admin\.m2\repository\org\springframework\spring-aop\6.0.11\spring-aop-6.0.11.jar;C:\Users\Admin\.m2\repository\org\aspectj\aspectjweaver\1.9.20\aspectjweaver-1.9.20.jar;C:\Users\Admin\.m2\repository\org\springframework\boot\spring-boot-starter-jdbc\3.1.3\spring-boot-starter-jdbc-3.1.3.jar;C:\Users\Admin\.m2\repository\com\zaxxer\HikariCP\5.0.1\HikariCP-5.0.1.jar;C:\Users\Admin\.m2\repository\org\springframework\spring-jdbc\6.0.11\spring-jdbc-6.0.11.jar;C:\Users\Admin\.m2\repository\org\hibernate\orm\hibernate-core\6.2.7.Final\hibernate-core-6.2.7.Final.jar;C:\Users\Admin\.m2\repository\jakarta\persistence\jakarta.persistence-api\3.1.0\jakarta.persistence-api-3.1.0.jar;C:\Users\Admin\.m2\repository\jakarta\transaction\jakarta.transaction-api\2.0.1\jakarta.transaction-api-2.0.1.jar;C:\Users\Admin\.m2\repository\org\hibernate\common\hibernate-commons-annotations\6.0.6.Final\hibernate-commons-annotations-6.0.6.Final.jar;C:\Users\Admin\.m2\repository\io\smallrye\jandex\3.0.5\jandex-3.0.5.jar;C:\Users\Admin\.m2\repository\net\bytebuddy\byte-buddy\1.14.6\byte-buddy-1.14.6.jar;C:\Users\Admin\.m2\repository\org\glassfish\jaxb\jaxb-runtime\4.0.3\jaxb-runtime-4.0.3.jar;C:\Users\Admin\.m2\repository\org\glassfish\jaxb\jaxb-core\4.0.3\jaxb-core-4.0.3.jar;C:\Users\Admin\.m2\repository\org\eclipse\angus\angus-activation\2.0.1\angus-activation-2.0.1.jar;C:\Users\Admin\.m2\repository\org\glassfish\jaxb\txw2\4.0.3\txw2-4.0.3.jar;C:\Users\Admin\.m2\repository\com\sun\istack\istack-commons-runtime\4.1.2\istack-commons-runtime-4.1.2.jar;C:\Users\Admin\.m2\repository\jakarta\inject\jakarta.inject-api\2.0.1\jakarta.inject-api-2.0.1.jar;C:
Launcher Type: SUN_STANDARD

[Global flags]
     intx CICompilerCount                          = 3                                         {product} {ergonomic}
     uint ConcGCThreads                            = 1                                         {product} {ergonomic}
     uint G1ConcRefinementThreads                  = 4                                         {product} {ergonomic}
   size_t G1HeapRegionSize                         = 1048576                                   {product} {ergonomic}
    uintx GCDrainStackTargetSize                   = 64                                        {product} {ergonomic}
   size_t InitialHeapSize                          = 67108864                                  {product} {ergonomic}
     bool ManagementServer                         = true                                      {product} {command line}
   size_t MarkStackSize                            = 4194304                                   {product} {ergonomic}
   size_t MaxHeapSize                              = 1048576000                                {product} {ergonomic}
   size_t MaxNewSize                               = 629145600                                 {product} {ergonomic}
   size_t MinHeapDeltaBytes                        = 1048576                                   {product} {ergonomic}
   size_t MinHeapSize                              = 8388608                                   {product} {ergonomic}
    uintx NonProfiledCodeHeapSize                  = 0                                      {pd product} {ergonomic}
     bool ProfileInterpreter                       = false                                  {pd product} {command line}
    uintx ProfiledCodeHeapSize                     = 0                                      {pd product} {ergonomic}
     bool ShowCodeDetailsInExceptionMessages       = true                                   {manageable} {command line}
   size_t SoftMaxHeapSize                          = 1048576000                             {manageable} {ergonomic}
     intx TieredStopAtLevel                        = 1                                         {product} {command line}
     bool UseCompressedClassPointers               = true                           {product lp64_product} {ergonomic}
     bool UseCompressedOops                        = true                           {product lp64_product} {ergonomic}
     bool UseG1GC                                  = true                                      {product} {ergonomic}
     bool UseLargePagesIndividualAllocation        = false                                  {pd product} {ergonomic}

Logging:
Log output configuration:
 #0: stdout all=warning uptime,level,tags
 #1: stderr all=off uptime,level,tags

Environment Variables:
JAVA_HOME=C:\Program Files\Java\jdk-17.0.5\
CLASSPATH=C:\mysql-connector-j-8.0.32.jar;.;.;
PATH=C:/Users/Admin/Downloads/sts-4.18.1.RELEASE//plugins/org.eclipse.justj.openjdk.hotspot.jre.full.win32.x86_64_17.0.7.v20230425-1502/jre/bin/server;C:/Users/Admin/Downloads/sts-4.18.1.RELEASE//plugins/org.eclipse.justj.openjdk.hotspot.jre.full.win32.x86_64_17.0.7.v20230425-1502/jre/bin;C:\Program Files\Common Files\Oracle\Java\javapath;C:\WINDOWS\system32;C:\WINDOWS;C:\WINDOWS\System32\Wbem;C:\WINDOWS\System32\WindowsPowerShell\v1.0\;C:\WINDOWS\System32\OpenSSH\;C:\Program Files\Calibre2\;C:\Program Files\Java\jdk-17.0.5\bin;C:\Program Files\nodejs\;C:\Program Files\Git\cmd;C:\Users\Admin\AppData\Local\Microsoft\WindowsApps;C:\Users\Admin\AppData\Local\Programs\Microsoft VS Code\bin;C:\Users\Admin\AppData\Roaming\npm;C:\Program Files\MongoDB\Server\6.0\bin;C:\Users\Admin\Downloads\mongosh-1.9.1-win32-x64\mongosh-1.9.1-win32-x64\bin;;C:\Users\Admin\Downloads\sts-4.18.1.RELEASE;
USERNAME=Admin
OS=Windows_NT
PROCESSOR_IDENTIFIER=Intel64 Family 6 Model 69 Stepping 1, GenuineIntel
TMP=C:\Users\Admin\AppData\Local\Temp
TEMP=C:\Users\Admin\AppData\Local\Temp



---------------  S Y S T E M  ---------------

OS:
 Windows 10 , 64 bit Build 19041 (10.0.19041.3155)
OS uptime: 17 days 9:33 hours

CPU: total 4 (initial active 4) (2 cores per cpu, 2 threads per core) family 6 model 69 stepping 1 microcode 0x25, cx8, cmov, fxsr, ht, mmx, sse, sse2, sse3, ssse3, sse4.1, sse4.2, popcnt, lzcnt, tsc, tscinvbit, avx, avx2, aes, erms, clmul, bmi1, bmi2, fma, vzeroupper, clflush

Memory: 4k page, system-wide physical 3999M (164M free)
TotalPageFile size 8095M (AvailPageFile size 5M)
current process WorkingSet (physical memory assigned to process): 142M, peak: 142M
current process commit charge ("private bytes"): 167M, peak: 169M

vm_info: OpenJDK 64-Bit Server VM (17.0.7+7) for windows-amd64 JRE (17.0.7+7), built on Apr 18 2023 22:10:42 by "temurin" with MS VC++ 16.7 (VS2019)

END.
